<?xml version="1.0" encoding="UTF-8"?>
<!-- Generated by org.testng.reporters.JUnitXMLReporter -->
<testsuite ignored="10" hostname="VERITY-98" failures="0" tests="1" name="Default test" time="106.828" errors="0" timestamp="08 abr. 2021 16:53:58 GMT">
  <testcase classname="test.Tests_AdmInstituciones" name="Script_0089" time="86.813"/>
  <testcase classname="test.Tests_AdmInstituciones" name="Script_0078" time="0.0">
    <ignored/>
  </testcase> <!-- Script_0078 -->
  <testcase classname="test.Tests_AdmInstituciones" name="Script_0079" time="0.0">
    <ignored/>
  </testcase> <!-- Script_0079 -->
  <testcase classname="test.Tests_AdmInstituciones" name="Script_0087" time="0.0">
    <ignored/>
  </testcase> <!-- Script_0087 -->
  <testcase classname="test.Tests_AdmInstituciones" name="Script_0088" time="0.0">
    <ignored/>
  </testcase> <!-- Script_0088 -->
  <testcase classname="test.Tests_AdmInstituciones" name="Script_0085" time="0.0">
    <ignored/>
  </testcase> <!-- Script_0085 -->
  <testcase classname="test.Tests_AdmInstituciones" name="Script_0086" time="0.0">
    <ignored/>
  </testcase> <!-- Script_0086 -->
  <testcase classname="test.Tests_AdmInstituciones" name="Script_0083" time="0.0">
    <ignored/>
  </testcase> <!-- Script_0083 -->
  <testcase classname="test.Tests_AdmInstituciones" name="Script_0084" time="0.0">
    <ignored/>
  </testcase> <!-- Script_0084 -->
  <testcase classname="test.Tests_AdmInstituciones" name="Script_0081" time="0.0">
    <ignored/>
  </testcase> <!-- Script_0081 -->
  <testcase classname="test.Tests_AdmInstituciones" name="Script_0082" time="0.0">
    <ignored/>
  </testcase> <!-- Script_0082 -->
</testsuite> <!-- Default test -->
