<?xml version="1.0" encoding="UTF-8"?>
<testng-results ignored="10" total="11" passed="1" failed="0" skipped="0">
  <reporter-output>
  </reporter-output>
  <suite started-at="2021-04-08T16:52:11Z" name="Default suite" finished-at="2021-04-08T16:53:58Z" duration-ms="106828">
    <groups>
    </groups>
    <test started-at="2021-04-08T16:52:11Z" name="Default test" finished-at="2021-04-08T16:53:58Z" duration-ms="106828">
      <class name="test.Tests_AdmInstituciones">
        <test-method is-config="true" signature="setUp()[pri:0, instance:test.Tests_AdmInstituciones@44c73c26]" started-at="2021-04-08T16:52:11Z" name="setUp" finished-at="2021-04-08T16:52:30Z" duration-ms="19507" status="PASS">
          <reporter-output>
          </reporter-output>
        </test-method> <!-- setUp -->
        <test-method signature="Script_0089()[pri:0, instance:test.Tests_AdmInstituciones@44c73c26]" started-at="2021-04-08T16:52:30Z" name="Script_0089" finished-at="2021-04-08T16:53:57Z" duration-ms="86813" status="PASS">
          <reporter-output>
          </reporter-output>
        </test-method> <!-- Script_0089 -->
        <test-method is-config="true" signature="FinEjecucion()[pri:0, instance:test.Tests_AdmInstituciones@44c73c26]" started-at="2021-04-08T16:53:57Z" name="FinEjecucion" finished-at="2021-04-08T16:53:58Z" duration-ms="481" status="PASS">
          <reporter-output>
          </reporter-output>
        </test-method> <!-- FinEjecucion -->
      </class> <!-- test.Tests_AdmInstituciones -->
    </test> <!-- Default test -->
  </suite> <!-- Default suite -->
</testng-results>
